<?xml version="1.0" encoding="UTF-8"?>
<testng-results skipped="0" failed="0" ignored="0" total="4" passed="4">
  <reporter-output>
  </reporter-output>
  <suite name="Default suite" duration-ms="59" started-at="2020-08-12T15:03:02Z" finished-at="2020-08-12T15:03:02Z">
    <groups>
    </groups>
    <test name="Default test" duration-ms="59" started-at="2020-08-12T15:03:02Z" finished-at="2020-08-12T15:03:02Z">
      <class name="TestNgSessions.TestNgAnnotations">
        <test-method status="PASS" signature="connectDB()[pri:0, instance:TestNgSessions.TestNgAnnotations@3e6fa38a]" name="connectDB" is-config="true" duration-ms="20" started-at="2020-08-12T15:03:02Z" finished-at="2020-08-12T15:03:02Z">
          <reporter-output>
          </reporter-output>
        </test-method> <!-- connectDB -->
        <test-method status="PASS" signature="createUserInDB()[pri:0, instance:TestNgSessions.TestNgAnnotations@3e6fa38a]" name="createUserInDB" is-config="true" duration-ms="0" started-at="2020-08-12T15:03:02Z" finished-at="2020-08-12T15:03:02Z">
          <reporter-output>
          </reporter-output>
        </test-method> <!-- createUserInDB -->
        <test-method status="PASS" signature="launchBrowser()[pri:0, instance:TestNgSessions.TestNgAnnotations@3e6fa38a]" name="launchBrowser" is-config="true" duration-ms="1" started-at="2020-08-12T15:03:02Z" finished-at="2020-08-12T15:03:02Z">
          <reporter-output>
          </reporter-output>
        </test-method> <!-- launchBrowser -->
        <test-method status="PASS" signature="homePageAdvSearchTest()[pri:0, instance:TestNgSessions.TestNgAnnotations@3e6fa38a]" name="homePageAdvSearchTest" duration-ms="8" started-at="2020-08-12T15:03:02Z" finished-at="2020-08-12T15:03:02Z">
          <reporter-output>
          </reporter-output>
        </test-method> <!-- homePageAdvSearchTest -->
        <test-method status="PASS" signature="loginToApp()[pri:0, instance:TestNgSessions.TestNgAnnotations@3e6fa38a]" name="loginToApp" is-config="true" duration-ms="0" started-at="2020-08-12T15:03:02Z" finished-at="2020-08-12T15:03:02Z">
          <reporter-output>
          </reporter-output>
        </test-method> <!-- loginToApp -->
        <test-method status="PASS" signature="logout()[pri:0, instance:TestNgSessions.TestNgAnnotations@3e6fa38a]" name="logout" is-config="true" duration-ms="0" started-at="2020-08-12T15:03:02Z" finished-at="2020-08-12T15:03:02Z">
          <reporter-output>
          </reporter-output>
        </test-method> <!-- logout -->
        <test-method status="PASS" signature="loginToApp()[pri:0, instance:TestNgSessions.TestNgAnnotations@3e6fa38a]" name="loginToApp" is-config="true" duration-ms="3" started-at="2020-08-12T15:03:02Z" finished-at="2020-08-12T15:03:02Z">
          <reporter-output>
          </reporter-output>
        </test-method> <!-- loginToApp -->
        <test-method status="PASS" signature="homePageProfileTest()[pri:0, instance:TestNgSessions.TestNgAnnotations@3e6fa38a]" name="homePageProfileTest" duration-ms="2" started-at="2020-08-12T15:03:02Z" finished-at="2020-08-12T15:03:02Z">
          <reporter-output>
          </reporter-output>
        </test-method> <!-- homePageProfileTest -->
        <test-method status="PASS" signature="logout()[pri:0, instance:TestNgSessions.TestNgAnnotations@3e6fa38a]" name="logout" is-config="true" duration-ms="0" started-at="2020-08-12T15:03:02Z" finished-at="2020-08-12T15:03:02Z">
          <reporter-output>
          </reporter-output>
        </test-method> <!-- logout -->
        <test-method status="PASS" signature="loginToApp()[pri:0, instance:TestNgSessions.TestNgAnnotations@3e6fa38a]" name="loginToApp" is-config="true" duration-ms="0" started-at="2020-08-12T15:03:02Z" finished-at="2020-08-12T15:03:02Z">
          <reporter-output>
          </reporter-output>
        </test-method> <!-- loginToApp -->
        <test-method status="PASS" signature="homePageSearchTest()[pri:0, instance:TestNgSessions.TestNgAnnotations@3e6fa38a]" name="homePageSearchTest" duration-ms="1" started-at="2020-08-12T15:03:02Z" finished-at="2020-08-12T15:03:02Z">
          <reporter-output>
          </reporter-output>
        </test-method> <!-- homePageSearchTest -->
        <test-method status="PASS" signature="loginToApp()[pri:0, instance:TestNgSessions.TestNgAnnotations@3e6fa38a]" name="loginToApp" is-config="true" duration-ms="1" started-at="2020-08-12T15:03:02Z" finished-at="2020-08-12T15:03:02Z">
          <reporter-output>
          </reporter-output>
        </test-method> <!-- loginToApp -->
        <test-method status="PASS" signature="logout()[pri:0, instance:TestNgSessions.TestNgAnnotations@3e6fa38a]" name="logout" is-config="true" duration-ms="0" started-at="2020-08-12T15:03:02Z" finished-at="2020-08-12T15:03:02Z">
          <reporter-output>
          </reporter-output>
        </test-method> <!-- logout -->
        <test-method status="PASS" signature="homePageTitleTest()[pri:0, instance:TestNgSessions.TestNgAnnotations@3e6fa38a]" name="homePageTitleTest" duration-ms="1" started-at="2020-08-12T15:03:02Z" finished-at="2020-08-12T15:03:02Z">
          <reporter-output>
          </reporter-output>
        </test-method> <!-- homePageTitleTest -->
        <test-method status="PASS" signature="logout()[pri:0, instance:TestNgSessions.TestNgAnnotations@3e6fa38a]" name="logout" is-config="true" duration-ms="0" started-at="2020-08-12T15:03:02Z" finished-at="2020-08-12T15:03:02Z">
          <reporter-output>
          </reporter-output>
        </test-method> <!-- logout -->
        <test-method status="PASS" signature="closeBrowser()[pri:0, instance:TestNgSessions.TestNgAnnotations@3e6fa38a]" name="closeBrowser" is-config="true" duration-ms="0" started-at="2020-08-12T15:03:02Z" finished-at="2020-08-12T15:03:02Z">
          <reporter-output>
          </reporter-output>
        </test-method> <!-- closeBrowser -->
        <test-method status="PASS" signature="deleteUserInDB()[pri:0, instance:TestNgSessions.TestNgAnnotations@3e6fa38a]" name="deleteUserInDB" is-config="true" duration-ms="0" started-at="2020-08-12T15:03:02Z" finished-at="2020-08-12T15:03:02Z">
          <reporter-output>
          </reporter-output>
        </test-method> <!-- deleteUserInDB -->
        <test-method status="PASS" signature="disconnectDB()[pri:0, instance:TestNgSessions.TestNgAnnotations@3e6fa38a]" name="disconnectDB" is-config="true" duration-ms="0" started-at="2020-08-12T15:03:02Z" finished-at="2020-08-12T15:03:02Z">
          <reporter-output>
          </reporter-output>
        </test-method> <!-- disconnectDB -->
      </class> <!-- TestNgSessions.TestNgAnnotations -->
    </test> <!-- Default test -->
  </suite> <!-- Default suite -->
</testng-results>
